<?xml version="1.0" encoding="UTF-8"?>
<!-- Generated by org.testng.reporters.JUnitReportReporter -->
<testsuite hostname="LTIN180840" failures="0" tests="4" name="testCases.GiftCardCustomization" time="4.448" errors="0" timestamp="2024-03-21T11:29:21 IST" skipped="0">
  <testcase classname="testCases.GiftCardCustomization" name="tc_016_validateGiftCardButton" time="0.098"/>
  <testcase classname="testCases.GiftCardCustomization" name="tc_017_navigateToGiftCardsPage" time="3.600"/>
  <testcase classname="testCases.GiftCardCustomization" name="tc_018_verifyBirthdayCardIsDisplayed" time="0.062"/>
  <testcase classname="testCases.GiftCardCustomization" name="tc_019_giftCardCustomization" time="0.688"/>
</testsuite> <!-- testCases.GiftCardCustomization -->
