<?xml version="1.0" encoding="UTF-8"?>
<!-- Generated by org.testng.reporters.JUnitReportReporter -->
<testsuite hostname="LTIN180840" failures="0" tests="2" name="testCases.GetListOfSubMenuItems" time="5.835" errors="0" timestamp="2024-03-21T11:29:21 IST" skipped="0">
  <testcase classname="testCases.GetListOfSubMenuItems" name="tc_014_isHomeDecorMenuPresent" time="5.302"/>
  <testcase classname="testCases.GetListOfSubMenuItems" name="tc_015_getHomeDecorSubMenuItems" time="0.533"/>
</testsuite> <!-- testCases.GetListOfSubMenuItems -->
