<?xml version="1.0" encoding="UTF-8"?>
<!-- Generated by org.testng.reporters.JUnitReportReporter -->
<testsuite hostname="LTIN180682" failures="0" tests="1" name="testCases.TC_001_VerifyBookshelvesMenu" time="0.153" errors="0" timestamp="2024-03-14T16:03:21 IST" skipped="0">
  <testcase classname="testCases.TC_001_VerifyBookshelvesMenu" name="verifyBookshelves" time="0.153"/>
</testsuite> <!-- testCases.TC_001_VerifyBookshelvesMenu -->
