<?xml version="1.0" encoding="UTF-8"?>
<!-- Generated by org.testng.reporters.JUnitReportReporter -->
<testsuite hostname="LTIN180682" failures="0" tests="8" name="testScenarios.TS_07_ResipientAndSenderDetailsDDT" time="17.881" errors="0" timestamp="2024-03-26T01:17:38 IST" skipped="0">
  <testcase classname="testScenarios.TS_07_ResipientAndSenderDetailsDDT" name="tc_020_enterRecipientDetailsDDT" time="12.040"/>
  <testcase classname="testScenarios.TS_07_ResipientAndSenderDetailsDDT" name="tc_021_enterSenderDetailsDDT" time="0.769"/>
  <testcase classname="testScenarios.TS_07_ResipientAndSenderDetailsDDT" name="tc_021_enterSenderDetailsDDT" time="1.133"/>
  <testcase classname="testScenarios.TS_07_ResipientAndSenderDetailsDDT" name="tc_021_enterSenderDetailsDDT" time="0.806"/>
  <testcase classname="testScenarios.TS_07_ResipientAndSenderDetailsDDT" name="tc_021_enterSenderDetailsDDT" time="0.805"/>
  <testcase classname="testScenarios.TS_07_ResipientAndSenderDetailsDDT" name="tc_021_enterSenderDetailsDDT" time="0.812"/>
  <testcase classname="testScenarios.TS_07_ResipientAndSenderDetailsDDT" name="tc_021_enterSenderDetailsDDT" time="0.804"/>
  <testcase classname="testScenarios.TS_07_ResipientAndSenderDetailsDDT" name="tc_021_enterSenderDetailsDDT" time="0.712"/>
</testsuite> <!-- testScenarios.TS_07_ResipientAndSenderDetailsDDT -->
