<?xml version="1.0" encoding="UTF-8"?>
<!-- Generated by org.testng.reporters.JUnitReportReporter -->
<testsuite hostname="LTIN180682" failures="0" tests="4" name="testScenarios.GiftCardCustomization" time="13.285" errors="0" timestamp="2024-03-27T11:24:16 IST" skipped="0">
  <testcase classname="testScenarios.GiftCardCustomization" name="validateGiftCardButton" time="7.848"/>
  <testcase classname="testScenarios.GiftCardCustomization" name="navigateToGiftCardsPage" time="4.253"/>
  <testcase classname="testScenarios.GiftCardCustomization" name="verifyBirthdayCardIsDisplayed" time="0.165"/>
  <testcase classname="testScenarios.GiftCardCustomization" name="giftCardCustomization" time="1.019"/>
</testsuite> <!-- testScenarios.GiftCardCustomization -->
