<?xml version="1.0" encoding="UTF-8"?>
<!-- Generated by org.testng.reporters.JUnitReportReporter -->
<testsuite hostname="LTIN180682" failures="0" tests="8" name="testScenarios.TS_07_RecipientAndSenderDetailsDDT" time="53.668" errors="0" timestamp="2024-03-26T17:02:27 IST" skipped="0">
  <testcase classname="testScenarios.TS_07_RecipientAndSenderDetailsDDT" name="tc_020_enterRecipientDetailsDDT" time="43.245"/>
  <testcase classname="testScenarios.TS_07_RecipientAndSenderDetailsDDT" name="tc_021_enterSenderDetailsDDT" time="1.392"/>
  <testcase classname="testScenarios.TS_07_RecipientAndSenderDetailsDDT" name="tc_021_enterSenderDetailsDDT" time="1.400"/>
  <testcase classname="testScenarios.TS_07_RecipientAndSenderDetailsDDT" name="tc_021_enterSenderDetailsDDT" time="1.248"/>
  <testcase classname="testScenarios.TS_07_RecipientAndSenderDetailsDDT" name="tc_021_enterSenderDetailsDDT" time="1.358"/>
  <testcase classname="testScenarios.TS_07_RecipientAndSenderDetailsDDT" name="tc_021_enterSenderDetailsDDT" time="1.652"/>
  <testcase classname="testScenarios.TS_07_RecipientAndSenderDetailsDDT" name="tc_021_enterSenderDetailsDDT" time="1.991"/>
  <testcase classname="testScenarios.TS_07_RecipientAndSenderDetailsDDT" name="tc_021_enterSenderDetailsDDT" time="1.382"/>
</testsuite> <!-- testScenarios.TS_07_RecipientAndSenderDetailsDDT -->
