<?xml version="1.0" encoding="UTF-8"?>
<!-- Generated by org.testng.reporters.JUnitReportReporter -->
<testsuite hostname="LTIN180682" failures="0" tests="14" name="testCases.TS_07_RecipientAndSenderDetails" time="19.244" errors="0" timestamp="2024-03-25T18:13:59 IST" skipped="0">
  <testcase classname="testCases.TS_07_RecipientAndSenderDetails" name="tc_020_enterRecipientDetails" time="0.842"/>
  <testcase classname="testCases.TS_07_RecipientAndSenderDetails" name="tc_020_enterRecipientDetails" time="0.660"/>
  <testcase classname="testCases.TS_07_RecipientAndSenderDetails" name="tc_021_validateErrorMessageWithoutNameInSenderDetails" time="0.922"/>
  <testcase classname="testCases.TS_07_RecipientAndSenderDetails" name="tc_021_validateErrorMessageWithoutNameInSenderDetails" time="1.149"/>
  <testcase classname="testCases.TS_07_RecipientAndSenderDetails" name="tc_022_validateErrorMessageWithoutEmailInSenderDetails" time="1.509"/>
  <testcase classname="testCases.TS_07_RecipientAndSenderDetails" name="tc_022_validateErrorMessageWithoutEmailInSenderDetails" time="1.208"/>
  <testcase classname="testCases.TS_07_RecipientAndSenderDetails" name="tc_023_validateErrorMessageWithInvalidEmailInSenderDetails" time="1.559"/>
  <testcase classname="testCases.TS_07_RecipientAndSenderDetails" name="tc_023_validateErrorMessageWithInvalidEmailInSenderDetails" time="1.824"/>
  <testcase classname="testCases.TS_07_RecipientAndSenderDetails" name="tc_024_validateErrorMessageWithoutMobileNumberInSenderDetails" time="1.519"/>
  <testcase classname="testCases.TS_07_RecipientAndSenderDetails" name="tc_024_validateErrorMessageWithoutMobileNumberInSenderDetails" time="1.590"/>
  <testcase classname="testCases.TS_07_RecipientAndSenderDetails" name="tc_025_validateErrorMessageWithInvalidMobileNumberInSenderDetails" time="1.907"/>
  <testcase classname="testCases.TS_07_RecipientAndSenderDetails" name="tc_025_validateErrorMessageWithInvalidMobileNumberInSenderDetails" time="1.467"/>
  <testcase classname="testCases.TS_07_RecipientAndSenderDetails" name="tc_026_validateErrorMessageWithoutAddressInSenderDetails" time="1.380"/>
  <testcase classname="testCases.TS_07_RecipientAndSenderDetails" name="tc_026_validateErrorMessageWithoutAddressInSenderDetails" time="1.708"/>
</testsuite> <!-- testCases.TS_07_RecipientAndSenderDetails -->
