<?xml version="1.0" encoding="UTF-8"?>
<!-- Generated by org.testng.reporters.JUnitReportReporter -->
<testsuite hostname="LTIN180682" failures="0" tests="27" name="testScenarios.TS_08_EndToEnd" time="72.967" errors="0" timestamp="2024-03-26T14:18:22 IST" skipped="0">
  <testcase classname="testScenarios.TS_08_EndToEnd" name="tc_001_isBookShelvesButtonPresent" time="0.126"/>
  <testcase classname="testScenarios.TS_08_EndToEnd" name="tc_002_verifyBookshelvesPage" time="3.391"/>
  <testcase classname="testScenarios.TS_08_EndToEnd" name="tc_003_handlePopup" time="5.380"/>
  <testcase classname="testScenarios.TS_08_EndToEnd" name="tc_004_isPriceFilterPresent" time="0.062"/>
  <testcase classname="testScenarios.TS_08_EndToEnd" name="tc_005_isStorageTypeFilterPresent" time="0.051"/>
  <testcase classname="testScenarios.TS_08_EndToEnd" name="tc_006_isBrandFilterPresent" time="0.050"/>
  <testcase classname="testScenarios.TS_08_EndToEnd" name="tc_007_isOutOfStockCheckboxPresent" time="0.053"/>
  <testcase classname="testScenarios.TS_08_EndToEnd" name="tc_008_isPriceFilterHoverable" time="0.285"/>
  <testcase classname="testScenarios.TS_08_EndToEnd" name="tc_009_isStorageTypeFilterHoverable" time="0.307"/>
  <testcase classname="testScenarios.TS_08_EndToEnd" name="tc_010_setPriceSlider" time="1.071"/>
  <testcase classname="testScenarios.TS_08_EndToEnd" name="tc_011_setStorageType" time="0.319"/>
  <testcase classname="testScenarios.TS_08_EndToEnd" name="tc_012_checkOutOfStock" time="0.133"/>
  <testcase classname="testScenarios.TS_08_EndToEnd" name="tc_013_displayBookshelvesDetails" time="8.293"/>
  <testcase classname="testScenarios.TS_08_EndToEnd" name="tc_014_isHomeDecorMenuPresent" time="5.477"/>
  <testcase classname="testScenarios.TS_08_EndToEnd" name="tc_015_getHomeDecorSubMenuItems" time="0.639"/>
  <testcase classname="testScenarios.TS_08_EndToEnd" name="tc_016_validateGiftCardButton" time="0.165"/>
  <testcase classname="testScenarios.TS_08_EndToEnd" name="tc_017_navigateToGiftCardsPage" time="34.519"/>
  <testcase classname="testScenarios.TS_08_EndToEnd" name="tc_018_verifyBirthdayCardIsDisplayed" time="0.110"/>
  <testcase classname="testScenarios.TS_08_EndToEnd" name="tc_019_giftCardCustomization" time="1.196"/>
  <testcase classname="testScenarios.TS_08_EndToEnd" name="tc_020_enterRecipientDetailsDDT" time="0.791"/>
  <testcase classname="testScenarios.TS_08_EndToEnd" name="tc_021_enterSenderDetailsDDT" time="1.457"/>
  <testcase classname="testScenarios.TS_08_EndToEnd" name="tc_021_enterSenderDetailsDDT" time="1.713"/>
  <testcase classname="testScenarios.TS_08_EndToEnd" name="tc_021_enterSenderDetailsDDT" time="1.370"/>
  <testcase classname="testScenarios.TS_08_EndToEnd" name="tc_021_enterSenderDetailsDDT" time="1.424"/>
  <testcase classname="testScenarios.TS_08_EndToEnd" name="tc_021_enterSenderDetailsDDT" time="1.852"/>
  <testcase classname="testScenarios.TS_08_EndToEnd" name="tc_021_enterSenderDetailsDDT" time="1.552"/>
  <testcase classname="testScenarios.TS_08_EndToEnd" name="tc_021_enterSenderDetailsDDT" time="1.181"/>
</testsuite> <!-- testScenarios.TS_08_EndToEnd -->
