<?xml version="1.0" encoding="UTF-8"?>
<!-- Generated by org.testng.reporters.JUnitReportReporter -->
<testsuite hostname="LTIN180840" failures="0" tests="3" name="testCases.SettingTheRequiredFilters" time="1.154" errors="0" timestamp="2024-03-21T11:29:21 IST" skipped="0">
  <testcase classname="testCases.SettingTheRequiredFilters" name="tc_010_setPriceSlider" time="0.608"/>
  <testcase classname="testCases.SettingTheRequiredFilters" name="tc_011_setStorageType" time="0.490"/>
  <testcase classname="testCases.SettingTheRequiredFilters" name="tc_012_checkOutOfStock" time="0.056"/>
</testsuite> <!-- testCases.SettingTheRequiredFilters -->
