<?xml version="1.0" encoding="UTF-8"?>
<!-- Generated by org.testng.reporters.JUnitReportReporter -->
<testsuite hostname="LTIN180682" failures="0" tests="7" name="testScenarios.TS_07_RecipientAndSenderDetails" time="52.328" errors="0" timestamp="2024-03-26T17:02:27 IST" skipped="0">
  <testcase classname="testScenarios.TS_07_RecipientAndSenderDetails" name="tc_020_enterRecipientDetails" time="43.634"/>
  <testcase classname="testScenarios.TS_07_RecipientAndSenderDetails" name="tc_021_validateErrorMessageWithoutNameInSenderDetails" time="0.870"/>
  <testcase classname="testScenarios.TS_07_RecipientAndSenderDetails" name="tc_022_validateErrorMessageWithoutEmailInSenderDetails" time="1.339"/>
  <testcase classname="testScenarios.TS_07_RecipientAndSenderDetails" name="tc_023_validateErrorMessageWithInvalidEmailInSenderDetails" time="2.019"/>
  <testcase classname="testScenarios.TS_07_RecipientAndSenderDetails" name="tc_024_validateErrorMessageWithoutMobileNumberInSenderDetails" time="1.599"/>
  <testcase classname="testScenarios.TS_07_RecipientAndSenderDetails" name="tc_025_validateErrorMessageWithInvalidMobileNumberInSenderDetails" time="1.412"/>
  <testcase classname="testScenarios.TS_07_RecipientAndSenderDetails" name="tc_026_validateErrorMessageWithoutAddressInSenderDetails" time="1.455"/>
</testsuite> <!-- testScenarios.TS_07_RecipientAndSenderDetails -->
