<?xml version="1.0" encoding="UTF-8"?>
<!-- Generated by org.testng.reporters.JUnitReportReporter -->
<testsuite hostname="LTIN180682" failures="0" tests="7" name="testScenarios.RecipientAndSenderDetails" time="18.431" errors="0" timestamp="2024-03-27T11:24:16 IST" skipped="0">
  <testcase classname="testScenarios.RecipientAndSenderDetails" name="enterRecipientDetails" time="13.183"/>
  <testcase classname="testScenarios.RecipientAndSenderDetails" name="validateErrorMessageWithoutNameInSenderDetails" time="0.696"/>
  <testcase classname="testScenarios.RecipientAndSenderDetails" name="validateErrorMessageWithoutEmailInSenderDetails" time="1.017"/>
  <testcase classname="testScenarios.RecipientAndSenderDetails" name="validateErrorMessageWithInvalidEmailInSenderDetails" time="0.786"/>
  <testcase classname="testScenarios.RecipientAndSenderDetails" name="validateErrorMessageWithoutMobileNumberInSenderDetails" time="1.049"/>
  <testcase classname="testScenarios.RecipientAndSenderDetails" name="validateErrorMessageWithInvalidMobileNumberInSenderDetails" time="0.804"/>
  <testcase classname="testScenarios.RecipientAndSenderDetails" name="validateErrorMessageWithoutAddressInSenderDetails" time="0.896"/>
</testsuite> <!-- testScenarios.RecipientAndSenderDetails -->
