<?xml version="1.0" encoding="UTF-8"?>
<!-- Generated by org.testng.reporters.JUnitReportReporter -->
<testsuite hostname="LTIN180840" failures="0" tests="1" name="testCases.DisplayBookShelvesDetails" time="5.552" errors="0" timestamp="2024-03-21T11:29:21 IST" skipped="0">
  <testcase classname="testCases.DisplayBookShelvesDetails" name="tc_013_displayBookshelvesDetails" time="5.552"/>
</testsuite> <!-- testCases.DisplayBookShelvesDetails -->
