<?xml version="1.0" encoding="UTF-8"?>
<!-- Generated by org.testng.reporters.JUnitReportReporter -->
<testsuite hostname="LTIN180682" failures="0" tests="7" name="testScenarios.TS_02_VisibilityOfBookshelvesFilters" time="10.011" errors="0" timestamp="2024-03-26T17:02:27 IST" skipped="0">
  <testcase classname="testScenarios.TS_02_VisibilityOfBookshelvesFilters" name="tc_003_handlePopup" time="8.865"/>
  <testcase classname="testScenarios.TS_02_VisibilityOfBookshelvesFilters" name="tc_004_isPriceFilterPresent" time="0.058"/>
  <testcase classname="testScenarios.TS_02_VisibilityOfBookshelvesFilters" name="tc_005_isStorageTypeFilterPresent" time="0.078"/>
  <testcase classname="testScenarios.TS_02_VisibilityOfBookshelvesFilters" name="tc_006_isBrandFilterPresent" time="0.053"/>
  <testcase classname="testScenarios.TS_02_VisibilityOfBookshelvesFilters" name="tc_007_isOutOfStockCheckboxPresent" time="0.099"/>
  <testcase classname="testScenarios.TS_02_VisibilityOfBookshelvesFilters" name="tc_008_isPriceFilterHoverable" time="0.528"/>
  <testcase classname="testScenarios.TS_02_VisibilityOfBookshelvesFilters" name="tc_009_isStorageTypeFilterHoverable" time="0.330"/>
</testsuite> <!-- testScenarios.TS_02_VisibilityOfBookshelvesFilters -->
