<?xml version="1.0" encoding="UTF-8"?>
<!-- Generated by org.testng.reporters.JUnitReportReporter -->
<testsuite hostname="LTIN180840" failures="0" tests="7" name="testCases.ResipientAndSenderDetailsDDT" time="5.922" errors="0" timestamp="2024-03-21T11:29:21 IST" skipped="0">
  <testcase classname="testCases.ResipientAndSenderDetailsDDT" name="tc_020_enterRecipientDetailsDDT" time="0.527"/>
  <testcase classname="testCases.ResipientAndSenderDetailsDDT" name="tc_021_enterSenderDetailsDDT" time="0.748"/>
  <testcase classname="testCases.ResipientAndSenderDetailsDDT" name="tc_021_enterSenderDetailsDDT" time="0.828"/>
  <testcase classname="testCases.ResipientAndSenderDetailsDDT" name="tc_021_enterSenderDetailsDDT" time="1.056"/>
  <testcase classname="testCases.ResipientAndSenderDetailsDDT" name="tc_021_enterSenderDetailsDDT" time="1.028"/>
  <testcase classname="testCases.ResipientAndSenderDetailsDDT" name="tc_021_enterSenderDetailsDDT" time="0.875"/>
  <testcase classname="testCases.ResipientAndSenderDetailsDDT" name="tc_021_enterSenderDetailsDDT" time="0.860"/>
</testsuite> <!-- testCases.ResipientAndSenderDetailsDDT -->
