<?xml version="1.0" encoding="UTF-8"?>
<!-- Generated by org.testng.reporters.JUnitReportReporter -->
<testsuite hostname="LTIN180682" failures="0" tests="1" name="testScenarios.TS_04_DisplayBookShelvesDetails" time="26.424" errors="0" timestamp="2024-03-26T17:02:27 IST" skipped="0">
  <testcase classname="testScenarios.TS_04_DisplayBookShelvesDetails" name="tc_013_displayBookshelvesDetails" time="26.424"/>
</testsuite> <!-- testScenarios.TS_04_DisplayBookShelvesDetails -->
