<?xml version="1.0" encoding="UTF-8"?>
<!-- Generated by org.testng.reporters.JUnitReportReporter -->
<testsuite hostname="LTIN180682" failures="0" tests="2" name="testScenarios.TS_01_NavigateToBookshelvesPage" time="4.637" errors="0" timestamp="2024-03-26T17:02:27 IST" skipped="0">
  <testcase classname="testScenarios.TS_01_NavigateToBookshelvesPage" name="tc_001_isBookShelvesButtonPresent" time="0.202"/>
  <testcase classname="testScenarios.TS_01_NavigateToBookshelvesPage" name="tc_002_verifyBookshelvesPage" time="4.435"/>
</testsuite> <!-- testScenarios.TS_01_NavigateToBookshelvesPage -->
