<?xml version="1.0" encoding="UTF-8"?>
<!-- Generated by org.testng.reporters.JUnitReportReporter -->
<testsuite hostname="LTIN180682" failures="0" tests="3" name="testCases.DisplayBookshelves" time="3.399" errors="0" timestamp="2024-03-08T17:32:51 IST" skipped="0">
  <testcase classname="testCases.DisplayBookshelves" name="tc_001_verifyBookshelves" time="0.174"/>
  <testcase classname="testCases.DisplayBookshelves" name="tc_002_verifyBookshelvesPage" time="3.163"/>
  <testcase classname="testCases.DisplayBookshelves" name="tc_003_verifyPriceMenuVisiblity" time="0.062"/>
</testsuite> <!-- testCases.DisplayBookshelves -->
