<?xml version="1.0" encoding="UTF-8"?>
<!-- Generated by org.testng.reporters.JUnitReportReporter -->
<testsuite hostname="LTIN180682" failures="0" tests="8" name="testCases.TS_06_GiftCardCustomization" time="13.854" errors="0" timestamp="2024-03-25T18:13:59 IST" skipped="0">
  <testcase classname="testCases.TS_06_GiftCardCustomization" name="tc_016_validateGiftCardButton" time="0.172"/>
  <testcase classname="testCases.TS_06_GiftCardCustomization" name="tc_016_validateGiftCardButton" time="0.161"/>
  <testcase classname="testCases.TS_06_GiftCardCustomization" name="tc_017_navigateToGiftCardsPage" time="5.848"/>
  <testcase classname="testCases.TS_06_GiftCardCustomization" name="tc_017_navigateToGiftCardsPage" time="4.394"/>
  <testcase classname="testCases.TS_06_GiftCardCustomization" name="tc_018_verifyBirthdayCardIsDisplayed" time="0.115"/>
  <testcase classname="testCases.TS_06_GiftCardCustomization" name="tc_018_verifyBirthdayCardIsDisplayed" time="0.102"/>
  <testcase classname="testCases.TS_06_GiftCardCustomization" name="tc_019_giftCardCustomization" time="1.617"/>
  <testcase classname="testCases.TS_06_GiftCardCustomization" name="tc_019_giftCardCustomization" time="1.445"/>
</testsuite> <!-- testCases.TS_06_GiftCardCustomization -->
