<?xml version="1.0" encoding="UTF-8"?>
<!-- Generated by org.testng.reporters.JUnitReportReporter -->
<testsuite hostname="LTIN180682" failures="0" tests="1" name="testBase.BaseClass" time="12.238" errors="0" timestamp="2024-03-08T16:40:30 IST" skipped="0">
  <testcase classname="testBase.BaseClass" name="setup" time="12.238"/>
</testsuite> <!-- testBase.BaseClass -->
