<?xml version="1.0" encoding="UTF-8"?>
<!-- Generated by org.testng.reporters.JUnitReportReporter -->
<testsuite hostname="LTIN180682" failures="0" tests="4" name="testCases.TS_05_GetListOfSubMenuItems" time="12.581" errors="0" timestamp="2024-03-25T18:13:59 IST" skipped="0">
  <testcase classname="testCases.TS_05_GetListOfSubMenuItems" name="tc_014_isHomeDecorMenuPresent" time="5.481"/>
  <testcase classname="testCases.TS_05_GetListOfSubMenuItems" name="tc_014_isHomeDecorMenuPresent" time="5.553"/>
  <testcase classname="testCases.TS_05_GetListOfSubMenuItems" name="tc_015_getHomeDecorSubMenuItems" time="0.866"/>
  <testcase classname="testCases.TS_05_GetListOfSubMenuItems" name="tc_015_getHomeDecorSubMenuItems" time="0.681"/>
</testsuite> <!-- testCases.TS_05_GetListOfSubMenuItems -->
