<?xml version="1.0" encoding="UTF-8"?>
<!-- Generated by org.testng.reporters.JUnitReportReporter -->
<testsuite hostname="LTIN180682" failures="0" tests="3" name="testScenarios.SettingTheRequiredFilters" time="14.254" errors="0" timestamp="2024-03-27T11:24:16 IST" skipped="0">
  <testcase classname="testScenarios.SettingTheRequiredFilters" name="setPriceSlider" time="13.873"/>
  <testcase classname="testScenarios.SettingTheRequiredFilters" name="setStorageType" time="0.291"/>
  <testcase classname="testScenarios.SettingTheRequiredFilters" name="checkOutOfStock" time="0.090"/>
</testsuite> <!-- testScenarios.SettingTheRequiredFilters -->
