<?xml version="1.0" encoding="UTF-8"?>
<!-- Generated by org.testng.reporters.JUnitReportReporter -->
<testsuite hostname="LTIN180682" failures="0" tests="2" name="testScenarios.TS_05_GetListOfSubMenuItems" time="15.090" errors="0" timestamp="2024-03-26T17:02:27 IST" skipped="0">
  <testcase classname="testScenarios.TS_05_GetListOfSubMenuItems" name="tc_014_isHomeDecorMenuPresent" time="14.273"/>
  <testcase classname="testScenarios.TS_05_GetListOfSubMenuItems" name="tc_015_getHomeDecorSubMenuItems" time="0.817"/>
</testsuite> <!-- testScenarios.TS_05_GetListOfSubMenuItems -->
