<?xml version="1.0" encoding="UTF-8"?>
<!-- Generated by org.testng.reporters.JUnitReportReporter -->
<testsuite hostname="LTIN180682" failures="0" tests="8" name="testScenarios.RecipientAndSenderDetailsDDT" time="21.077" errors="0" timestamp="2024-03-27T11:24:16 IST" skipped="0">
  <testcase classname="testScenarios.RecipientAndSenderDetailsDDT" name="enterRecipientDetailsDDT" time="14.306"/>
  <testcase classname="testScenarios.RecipientAndSenderDetailsDDT" name="enterSenderDetailsDDT" time="1.006"/>
  <testcase classname="testScenarios.RecipientAndSenderDetailsDDT" name="enterSenderDetailsDDT" time="1.614"/>
  <testcase classname="testScenarios.RecipientAndSenderDetailsDDT" name="enterSenderDetailsDDT" time="0.939"/>
  <testcase classname="testScenarios.RecipientAndSenderDetailsDDT" name="enterSenderDetailsDDT" time="0.769"/>
  <testcase classname="testScenarios.RecipientAndSenderDetailsDDT" name="enterSenderDetailsDDT" time="0.640"/>
  <testcase classname="testScenarios.RecipientAndSenderDetailsDDT" name="enterSenderDetailsDDT" time="0.869"/>
  <testcase classname="testScenarios.RecipientAndSenderDetailsDDT" name="enterSenderDetailsDDT" time="0.934"/>
</testsuite> <!-- testScenarios.RecipientAndSenderDetailsDDT -->
