<?xml version="1.0" encoding="UTF-8"?>
<!-- Generated by org.testng.reporters.JUnitReportReporter -->
<testsuite hostname="LTIN180682" failures="0" tests="8" name="testCases.TS_07_ResipientAndSenderDetailsDDT" time="7.572" errors="0" timestamp="2024-03-25T17:14:23 IST" skipped="0">
  <testcase classname="testCases.TS_07_ResipientAndSenderDetailsDDT" name="tc_020_enterRecipientDetailsDDT" time="0.645"/>
  <testcase classname="testCases.TS_07_ResipientAndSenderDetailsDDT" name="tc_021_enterSenderDetailsDDT" time="0.974"/>
  <testcase classname="testCases.TS_07_ResipientAndSenderDetailsDDT" name="tc_021_enterSenderDetailsDDT" time="0.814"/>
  <testcase classname="testCases.TS_07_ResipientAndSenderDetailsDDT" name="tc_021_enterSenderDetailsDDT" time="1.197"/>
  <testcase classname="testCases.TS_07_ResipientAndSenderDetailsDDT" name="tc_021_enterSenderDetailsDDT" time="1.023"/>
  <testcase classname="testCases.TS_07_ResipientAndSenderDetailsDDT" name="tc_021_enterSenderDetailsDDT" time="1.101"/>
  <testcase classname="testCases.TS_07_ResipientAndSenderDetailsDDT" name="tc_021_enterSenderDetailsDDT" time="0.890"/>
  <testcase classname="testCases.TS_07_ResipientAndSenderDetailsDDT" name="tc_021_enterSenderDetailsDDT" time="0.928"/>
</testsuite> <!-- testCases.TS_07_ResipientAndSenderDetailsDDT -->
