<?xml version="1.0" encoding="UTF-8"?>
<!-- Generated by org.testng.reporters.JUnitReportReporter -->
<testsuite hostname="LTIN180682" failures="0" tests="4" name="testScenarios.TS_06_GiftCardCustomization" time="41.368" errors="0" timestamp="2024-03-26T17:02:27 IST" skipped="0">
  <testcase classname="testScenarios.TS_06_GiftCardCustomization" name="tc_016_validateGiftCardButton" time="7.778"/>
  <testcase classname="testScenarios.TS_06_GiftCardCustomization" name="tc_017_navigateToGiftCardsPage" time="32.259"/>
  <testcase classname="testScenarios.TS_06_GiftCardCustomization" name="tc_018_verifyBirthdayCardIsDisplayed" time="0.110"/>
  <testcase classname="testScenarios.TS_06_GiftCardCustomization" name="tc_019_giftCardCustomization" time="1.221"/>
</testsuite> <!-- testScenarios.TS_06_GiftCardCustomization -->
