<?xml version="1.0" encoding="UTF-8"?>
<!-- Generated by org.testng.reporters.JUnitReportReporter -->
<testsuite hostname="LTIN180682" failures="0" tests="2" name="testScenarios.NavigateToBookshelvesPage" time="3.686" errors="0" timestamp="2024-03-27T11:24:16 IST" skipped="0">
  <testcase classname="testScenarios.NavigateToBookshelvesPage" name="isBookShelvesButtonPresent" time="0.134"/>
  <testcase classname="testScenarios.NavigateToBookshelvesPage" name="verifyBookshelvesPage" time="3.552"/>
</testsuite> <!-- testScenarios.NavigateToBookshelvesPage -->
