<?xml version="1.0" encoding="UTF-8"?>
<!-- Generated by org.testng.reporters.JUnitReportReporter -->
<testsuite hostname="LTIN180840" failures="0" tests="27" name="testScenarios.EndToEnd" time="82.202" errors="0" timestamp="2024-03-31T11:36:46 IST" skipped="0">
  <testcase classname="testScenarios.EndToEnd" name="isBookShelvesButtonPresent" time="0.535"/>
  <testcase classname="testScenarios.EndToEnd" name="verifyBookshelvesPage" time="3.637"/>
  <testcase classname="testScenarios.EndToEnd" name="handlePopup" time="5.770"/>
  <testcase classname="testScenarios.EndToEnd" name="isPriceFilterPresent" time="0.240"/>
  <testcase classname="testScenarios.EndToEnd" name="isStorageTypeFilterPresent" time="0.085"/>
  <testcase classname="testScenarios.EndToEnd" name="isBrandFilterPresent" time="0.090"/>
  <testcase classname="testScenarios.EndToEnd" name="isOutOfStockCheckboxPresent" time="0.069"/>
  <testcase classname="testScenarios.EndToEnd" name="isPriceFilterHoverable" time="0.343"/>
  <testcase classname="testScenarios.EndToEnd" name="isStorageTypeFilterHoverable" time="0.369"/>
  <testcase classname="testScenarios.EndToEnd" name="setPriceSlider" time="1.273"/>
  <testcase classname="testScenarios.EndToEnd" name="setStorageType" time="0.494"/>
  <testcase classname="testScenarios.EndToEnd" name="checkOutOfStock" time="0.299"/>
  <testcase classname="testScenarios.EndToEnd" name="displayBookshelvesDetails" time="20.074"/>
  <testcase classname="testScenarios.EndToEnd" name="isHomeDecorMenuPresent" time="5.622"/>
  <testcase classname="testScenarios.EndToEnd" name="getHomeDecorSubMenuItems" time="2.905"/>
  <testcase classname="testScenarios.EndToEnd" name="validateGiftCardButton" time="0.200"/>
  <testcase classname="testScenarios.EndToEnd" name="navigateToGiftCardsPage" time="12.568"/>
  <testcase classname="testScenarios.EndToEnd" name="verifyBirthdayCardIsDisplayed" time="0.162"/>
  <testcase classname="testScenarios.EndToEnd" name="giftCardCustomization" time="1.718"/>
  <testcase classname="testScenarios.EndToEnd" name="enterRecipientDetailsDDT" time="1.708"/>
  <testcase classname="testScenarios.EndToEnd" name="enterSenderDetailsDDT" time="6.173"/>
  <testcase classname="testScenarios.EndToEnd" name="enterSenderDetailsDDT" time="2.674"/>
  <testcase classname="testScenarios.EndToEnd" name="enterSenderDetailsDDT" time="2.109"/>
  <testcase classname="testScenarios.EndToEnd" name="enterSenderDetailsDDT" time="2.082"/>
  <testcase classname="testScenarios.EndToEnd" name="enterSenderDetailsDDT" time="3.223"/>
  <testcase classname="testScenarios.EndToEnd" name="enterSenderDetailsDDT" time="5.558"/>
  <testcase classname="testScenarios.EndToEnd" name="enterSenderDetailsDDT" time="2.222"/>
</testsuite> <!-- testScenarios.EndToEnd -->
