<?xml version="1.0" encoding="UTF-8"?>
<!-- Generated by org.testng.reporters.JUnitReportReporter -->
<testsuite hostname="LTIN180682" failures="0" tests="1" name="testScenarios.DisplayBookShelvesDetails" time="19.180" errors="0" timestamp="2024-03-27T11:24:16 IST" skipped="0">
  <testcase classname="testScenarios.DisplayBookShelvesDetails" name="displayBookshelvesDetails" time="19.180"/>
</testsuite> <!-- testScenarios.DisplayBookShelvesDetails -->
