<?xml version="1.0" encoding="UTF-8"?>
<!-- Generated by org.testng.reporters.JUnitReportReporter -->
<testsuite hostname="LTIN180840" failures="0" tests="2" name="testCases.NavigateToBookshelvesPage" time="2.020" errors="0" timestamp="2024-03-21T11:29:21 IST" skipped="0">
  <testcase classname="testCases.NavigateToBookshelvesPage" name="tc_001_isBookShelvesButtonPresent" time="0.060"/>
  <testcase classname="testCases.NavigateToBookshelvesPage" name="tc_002_verifyBookshelvesPage" time="1.960"/>
</testsuite> <!-- testCases.NavigateToBookshelvesPage -->
