<?xml version="1.0" encoding="UTF-8"?>
<!-- Generated by org.testng.reporters.JUnitReportReporter -->
<testsuite hostname="LTIN180682" failures="0" tests="7" name="testScenarios.VisibilityOfBookshelvesFilters" time="8.044" errors="0" timestamp="2024-03-27T11:24:16 IST" skipped="0">
  <testcase classname="testScenarios.VisibilityOfBookshelvesFilters" name="handlePopup" time="7.429"/>
  <testcase classname="testScenarios.VisibilityOfBookshelvesFilters" name="isPriceFilterPresent" time="0.042"/>
  <testcase classname="testScenarios.VisibilityOfBookshelvesFilters" name="isStorageTypeFilterPresent" time="0.033"/>
  <testcase classname="testScenarios.VisibilityOfBookshelvesFilters" name="isBrandFilterPresent" time="0.031"/>
  <testcase classname="testScenarios.VisibilityOfBookshelvesFilters" name="isOutOfStockCheckboxPresent" time="0.033"/>
  <testcase classname="testScenarios.VisibilityOfBookshelvesFilters" name="isPriceFilterHoverable" time="0.210"/>
  <testcase classname="testScenarios.VisibilityOfBookshelvesFilters" name="isStorageTypeFilterHoverable" time="0.266"/>
</testsuite> <!-- testScenarios.VisibilityOfBookshelvesFilters -->
