<?xml version="1.0" encoding="UTF-8"?>
<!-- Generated by org.testng.reporters.JUnitReportReporter -->
<testsuite hostname="LTIN180682" failures="0" tests="2" name="testCases.TS_04_DisplayBookShelvesDetails" time="22.849" errors="0" timestamp="2024-03-25T18:13:59 IST" skipped="0">
  <testcase classname="testCases.TS_04_DisplayBookShelvesDetails" name="tc_013_displayBookshelvesDetails" time="12.734"/>
  <testcase classname="testCases.TS_04_DisplayBookShelvesDetails" name="tc_013_displayBookshelvesDetails" time="10.115"/>
</testsuite> <!-- testCases.TS_04_DisplayBookShelvesDetails -->
