<?xml version="1.0" encoding="UTF-8"?>
<!-- Generated by org.testng.reporters.JUnitReportReporter -->
<testsuite hostname="LTIN180840" failures="0" tests="7" name="testCases.RecipientAndSenderDetails" time="7.735" errors="0" timestamp="2024-03-20T14:43:15 IST" skipped="0">
  <testcase classname="testCases.RecipientAndSenderDetails" name="tc_020_enterRecipientDetails" time="0.647"/>
  <testcase classname="testCases.RecipientAndSenderDetails" name="tc_021_validateErrorMessageWithoutNameInSenderDetails" time="0.899"/>
  <testcase classname="testCases.RecipientAndSenderDetails" name="tc_022_validateErrorMessageWithoutEmailInSenderDetails" time="1.104"/>
  <testcase classname="testCases.RecipientAndSenderDetails" name="tc_023_validateErrorMessageWithInvalidEmailInSenderDetails" time="1.376"/>
  <testcase classname="testCases.RecipientAndSenderDetails" name="tc_025_validateErrorMessageWithInvalidMobileNumberInSenderDetails" time="1.436"/>
  <testcase classname="testCases.RecipientAndSenderDetails" name="tc_026_validateErrorMessageWithoutAddressInSenderDetails" time="1.122"/>
  <testcase classname="testCases.RecipientAndSenderDetails" name="tc_024_validateErrorMessageWithoutMobileNumberInSenderDetails" time="1.151"/>
</testsuite> <!-- testCases.RecipientAndSenderDetails -->
