<?xml version="1.0" encoding="UTF-8"?>
<!-- Generated by org.testng.reporters.JUnitReportReporter -->
<testsuite hostname="LTIN180682" failures="0" tests="3" name="testScenarios.TS_03_SettingTheRequiredFilters" time="15.203" errors="0" timestamp="2024-03-26T17:02:27 IST" skipped="0">
  <testcase classname="testScenarios.TS_03_SettingTheRequiredFilters" name="tc_010_setPriceSlider" time="14.773"/>
  <testcase classname="testScenarios.TS_03_SettingTheRequiredFilters" name="tc_011_setStorageType" time="0.314"/>
  <testcase classname="testScenarios.TS_03_SettingTheRequiredFilters" name="tc_012_checkOutOfStock" time="0.116"/>
</testsuite> <!-- testScenarios.TS_03_SettingTheRequiredFilters -->
