<?xml version="1.0" encoding="UTF-8"?>
<!-- Generated by org.testng.reporters.JUnitReportReporter -->
<testsuite hostname="LTIN180682" failures="0" tests="2" name="testScenarios.GetListOfSubMenuItems" time="14.176" errors="0" timestamp="2024-03-27T11:24:16 IST" skipped="0">
  <testcase classname="testScenarios.GetListOfSubMenuItems" name="isHomeDecorMenuPresent" time="13.273"/>
  <testcase classname="testScenarios.GetListOfSubMenuItems" name="getHomeDecorSubMenuItems" time="0.903"/>
</testsuite> <!-- testScenarios.GetListOfSubMenuItems -->
