<?xml version="1.0" encoding="UTF-8"?>
<!-- Generated by org.testng.reporters.JUnitReportReporter -->
<testsuite hostname="LTIN180682" failures="0" tests="3" name="testCases.TS_03_SettingTheRequiredFilters" time="1.215" errors="0" timestamp="2024-03-25T19:25:07 IST" skipped="0">
  <testcase classname="testCases.TS_03_SettingTheRequiredFilters" name="tc_010_setPriceSlider" time="0.789"/>
  <testcase classname="testCases.TS_03_SettingTheRequiredFilters" name="tc_011_setStorageType" time="0.307"/>
  <testcase classname="testCases.TS_03_SettingTheRequiredFilters" name="tc_012_checkOutOfStock" time="0.119"/>
</testsuite> <!-- testCases.TS_03_SettingTheRequiredFilters -->
