<?xml version="1.0" encoding="UTF-8"?>
<!-- Generated by org.testng.reporters.JUnitReportReporter -->
<testsuite hostname="LTIN180682" failures="0" tests="2" name="testCases.TS_01_NavigateToBookshelvesPage" time="4.750" errors="0" timestamp="2024-03-25T19:25:07 IST" skipped="0">
  <testcase classname="testCases.TS_01_NavigateToBookshelvesPage" name="tc_001_isBookShelvesButtonPresent" time="1.845"/>
  <testcase classname="testCases.TS_01_NavigateToBookshelvesPage" name="tc_002_verifyBookshelvesPage" time="2.905"/>
</testsuite> <!-- testCases.TS_01_NavigateToBookshelvesPage -->
