<?xml version="1.0" encoding="UTF-8"?>
<!-- Generated by org.testng.reporters.JUnitReportReporter -->
<testsuite hostname="LTIN180682" failures="0" tests="1" name="testCases.TS_04_DisplayBookShelvesDetails" time="16.167" errors="0" timestamp="2024-03-25T19:25:08 IST" skipped="0">
  <testcase classname="testCases.TS_04_DisplayBookShelvesDetails" name="tc_013_displayBookshelvesDetails" time="16.167"/>
</testsuite> <!-- testCases.TS_04_DisplayBookShelvesDetails -->
