<?xml version="1.0" encoding="UTF-8"?>
<!-- Generated by org.testng.reporters.JUnitReportReporter -->
<testsuite hostname="LTIN180682" failures="0" tests="2" name="testCases.TS_05_GetListOfSubMenuItems" time="6.270" errors="0" timestamp="2024-03-25T19:25:07 IST" skipped="0">
  <testcase classname="testCases.TS_05_GetListOfSubMenuItems" name="tc_014_isHomeDecorMenuPresent" time="5.433"/>
  <testcase classname="testCases.TS_05_GetListOfSubMenuItems" name="tc_015_getHomeDecorSubMenuItems" time="0.837"/>
</testsuite> <!-- testCases.TS_05_GetListOfSubMenuItems -->
