<?xml version="1.0" encoding="UTF-8"?>
<!-- Generated by org.testng.reporters.JUnitReportReporter -->
<testsuite hostname="LTIN180682" failures="0" tests="8" name="testCases.TS_07_ResipientAndSenderDetailsDDT" time="12.051" errors="0" timestamp="2024-03-25T19:25:07 IST" skipped="0">
  <testcase classname="testCases.TS_07_ResipientAndSenderDetailsDDT" name="tc_020_enterRecipientDetailsDDT" time="0.607"/>
  <testcase classname="testCases.TS_07_ResipientAndSenderDetailsDDT" name="tc_021_enterSenderDetailsDDT" time="1.555"/>
  <testcase classname="testCases.TS_07_ResipientAndSenderDetailsDDT" name="tc_021_enterSenderDetailsDDT" time="1.625"/>
  <testcase classname="testCases.TS_07_ResipientAndSenderDetailsDDT" name="tc_021_enterSenderDetailsDDT" time="1.401"/>
  <testcase classname="testCases.TS_07_ResipientAndSenderDetailsDDT" name="tc_021_enterSenderDetailsDDT" time="1.662"/>
  <testcase classname="testCases.TS_07_ResipientAndSenderDetailsDDT" name="tc_021_enterSenderDetailsDDT" time="2.133"/>
  <testcase classname="testCases.TS_07_ResipientAndSenderDetailsDDT" name="tc_021_enterSenderDetailsDDT" time="1.624"/>
  <testcase classname="testCases.TS_07_ResipientAndSenderDetailsDDT" name="tc_021_enterSenderDetailsDDT" time="1.444"/>
</testsuite> <!-- testCases.TS_07_ResipientAndSenderDetailsDDT -->
