<?xml version="1.0" encoding="UTF-8"?>
<!-- Generated by org.testng.reporters.JUnitReportReporter -->
<testsuite hostname="LTIN180682" failures="0" tests="7" name="testCases.TS_02_VisibilityOfBookshelvesFilters" time="6.468" errors="0" timestamp="2024-03-25T19:25:08 IST" skipped="0">
  <testcase classname="testCases.TS_02_VisibilityOfBookshelvesFilters" name="tc_003_handlePopup" time="5.578"/>
  <testcase classname="testCases.TS_02_VisibilityOfBookshelvesFilters" name="tc_004_isPriceFilterPresent" time="0.066"/>
  <testcase classname="testCases.TS_02_VisibilityOfBookshelvesFilters" name="tc_005_isStorageTypeFilterPresent" time="0.057"/>
  <testcase classname="testCases.TS_02_VisibilityOfBookshelvesFilters" name="tc_006_isBrandFilterPresent" time="0.057"/>
  <testcase classname="testCases.TS_02_VisibilityOfBookshelvesFilters" name="tc_007_isOutOfStockCheckboxPresent" time="0.053"/>
  <testcase classname="testCases.TS_02_VisibilityOfBookshelvesFilters" name="tc_008_isPriceFilterHoverable" time="0.329"/>
  <testcase classname="testCases.TS_02_VisibilityOfBookshelvesFilters" name="tc_009_isStorageTypeFilterHoverable" time="0.328"/>
</testsuite> <!-- testCases.TS_02_VisibilityOfBookshelvesFilters -->
