<?xml version="1.0" encoding="UTF-8"?>
<!-- Generated by org.testng.reporters.JUnitReportReporter -->
<testsuite hostname="LTIN180682" failures="0" tests="4" name="testCases.TS_06_GiftCardCustomization" time="4.985" errors="0" timestamp="2024-03-25T19:25:08 IST" skipped="0">
  <testcase classname="testCases.TS_06_GiftCardCustomization" name="tc_016_validateGiftCardButton" time="0.129"/>
  <testcase classname="testCases.TS_06_GiftCardCustomization" name="tc_017_navigateToGiftCardsPage" time="3.387"/>
  <testcase classname="testCases.TS_06_GiftCardCustomization" name="tc_018_verifyBirthdayCardIsDisplayed" time="0.113"/>
  <testcase classname="testCases.TS_06_GiftCardCustomization" name="tc_019_giftCardCustomization" time="1.356"/>
</testsuite> <!-- testCases.TS_06_GiftCardCustomization -->
